2026-01-22 09:58:13.249 - DBeaver 25.3.3.202601181752 is starting
2026-01-22 09:58:13.249 - OS: Windows 11 10.0 (amd64)
2026-01-22 09:58:13.249 - Java version: 21.0.8 by Eclipse Adoptium (64bit)
2026-01-22 09:58:13.249 - Install path: 'C:\Users\adminn\AppData\Local\DBeaver'
2026-01-22 09:58:13.249 - Instance path: 'file:/C:/study/2. Database/'
2026-01-22 09:58:13.249 - Memory available 64Mb/1024Mb
2026-01-22 09:58:13.261 - Create display
2026-01-22 09:58:13.353 - Initialize desktop platform...
2026-01-22 09:58:13.449 - BounceCastle bundle found. Use JCE provider BC
> Start Core File Systems [org.eclipse.core.filesystem 1.11.400.v20251107-0507]
> Start Core Resource Management [org.eclipse.core.resources 3.23.100.v20251106-1705]
> Start 팀 지원 핵심 [org.eclipse.team.core 3.10.900.v20251104-0924]
> Start DBeaver UI Navigator [org.jkiss.dbeaver.ui.navigator 1.0.171.202601181752]
> Start JFace 텍스트 [org.eclipse.jface.text 3.29.0.v20251112-0859]
Warning: NLS unused message: WorkbenchPreference_reuseEditorsThreshold in: org.eclipse.ui.internal.messages
Warning: NLS unused message: 이유 in: org.eclipse.ui.internal.messages
2026-01-22 09:58:13.707 - Initialize base platform...
2026-01-22 09:58:13.719 - Platform initialized (366ms)
> Start Equinox Java Authentication and Authorization Service (JAAS) [org.eclipse.equinox.security 1.4.700.v20250622-1644]
> Start 인터넷 연결 관리 사용자 인터페이스 [org.eclipse.ui.net 1.5.500.v20250611-0855]
> Start Internet Connection Management [org.eclipse.core.net 1.5.800.v20250613-1119]
2026-01-22 09:58:13.748 - Proxy service 'org.eclipse.core.net.proxy.IProxyService' loaded
2026-01-22 09:58:13.789 - Starting instance server at http://localhost:49452
2026-01-22 09:58:13.795 - Run workbench
> Start Eclipse IDE UI [org.eclipse.ui.ide 3.22.800.v20251112-0859]
> Start Eclipse e4 작업영역 SWT [org.eclipse.e4.ui.workbench.swt 0.17.1000.v20251023-0611]
> Start Eclipse Application Services [org.eclipse.e4.core.services 2.5.300.v20251112-1253]
> Start Eclipse UI Application Services [org.eclipse.e4.ui.services 1.6.600.v20251023-1358]
> Start Eclipse e4 Progress View [org.eclipse.e4.ui.progress 0.4.900.v20251023-1511]
> Start Eclipse Bindings Support [org.eclipse.e4.ui.bindings 0.14.800.v20250916-0937]
> Start Eclipse e4 core commands [org.eclipse.e4.core.commands 1.1.700.v20250916-0927]
> Start EMF XML/XMI Persistence [org.eclipse.emf.ecore.xmi 2.39.0.v20250910-1205]
> Start Eclipse CSS SWT Theme Support [org.eclipse.e4.ui.css.swt.theme 0.14.600.v20251023-0615]
> Start Eclipse e4 작업영역 기능 추가 [org.eclipse.e4.ui.workbench.addons.swt 1.5.900.v20251007-0832]
> Start Eclipse e4 작업영역 SWT 렌더러 [org.eclipse.e4.ui.workbench.renderers.swt 0.16.1000.v20251114-0005]
> Start Eclipse Dependency Injection Extensions [org.eclipse.e4.core.di.extensions 0.18.300.v20240413-1529]
> Start DBeaver AI Model [org.jkiss.dbeaver.model.ai 2.0.14.202601181752]
> Start DBeaver AI UI [org.jkiss.dbeaver.ui.ai 1.0.73.202601181752]
> Start Eclipse CSS SWT Support [org.eclipse.e4.ui.css.swt 0.15.700.v20251023-1511]
2026-01-22 09:58:14.883 - Configure workbench window
> Start DBeaver SQL Model [org.jkiss.dbeaver.model.sql 1.0.161.202601181752]
2026-01-22 09:58:15.074 - Total database drivers: 127 (127)
> Start 도움말 시스템 코어 [org.eclipse.help 3.10.600.v20250613-0437]
2026-01-22 09:58:15.190 - Create actions
> Start 기본 문서 편집기 [org.eclipse.ui.editors 3.20.200.v20251125-0939]
> Start 텍스트 편집기 프레임워크 [org.eclipse.ui.workbench.texteditor 3.19.400.v20251105-0815]
2026-01-22 09:58:16.713 - Initialize workbench window
2026-01-22 09:58:16.724 - Finish initialization
> Start DBeaver UI Editors - Data [org.jkiss.dbeaver.ui.editors.data 1.0.171.202601181752]
> Start DBeaver UI Editors - SQL [org.jkiss.dbeaver.ui.editors.sql 1.0.171.202601181752]
> Start DBeaver Dashboard UI [org.jkiss.dbeaver.ui.dashboard 1.0.168.202601181752]
> Start GEF Classic Draw2d [org.eclipse.draw2d 3.21.0.202512020742]
> Start GEF Classic GEF (MVC) [org.eclipse.gef 3.24.0.202511201732]
> Start DBeaver ERD UI [org.jkiss.dbeaver.ui.editors.erd 3.1.12.202601181752]
> Start DBeaver ERD Model [org.jkiss.dbeaver.model.erd 1.1.12.202601181752]
> Start DBeaver Sample Database [org.jkiss.dbeaver.ui.config.sample 1.0.208.202601181752]
> Start DBeaver JDBC Model [org.jkiss.dbeaver.model.jdbc 1.0.64.202601181752]
> Start DBeaver Generic Plug-in [org.jkiss.dbeaver.ext.generic 2.3.257.202601181752]
> Start DBeaver SQLite Model [org.jkiss.dbeaver.ext.sqlite 1.0.220.202601181752]
2026-01-22 09:58:30.765 - Open [https://dbeaver.io/product/version.xml]
2026-01-22 09:58:39.382 - Open [https://repo1.maven.org/maven2/org/xerial/sqlite-jdbc/maven-metadata.xml]
2026-01-22 09:58:39.519 - Open [https://repo1.maven.org/maven2/org/xerial/sqlite-jdbc/3.51.1.0/sqlite-jdbc-3.51.1.0.pom]
2026-01-22 09:58:39.653 - Open [https://repo1.maven.org/maven2/org/junit/junit-bom/5.12.2/junit-bom-5.12.2.pom]
2026-01-22 09:58:54.830 - Connect with 'DBeaver Sample Database (SQLite)' (dbeaver-sample-database-sqlite-1)
2026-01-22 09:58:54.873 - Execution context opened (DBeaver Sample Database (SQLite); Main; 0)
> Start DBeaver MySQL UI Support [org.jkiss.dbeaver.ext.mysql.ui 1.0.163.202601181752]
> Start DBeaver MySQL Support [org.jkiss.dbeaver.ext.mysql 2.1.256.202601181752]
2026-01-22 09:59:05.999 - Service 'org.jkiss.dbeaver.ui.UIServiceConnectionEditor' not found
2026-01-22 09:59:06.022 - Service 'org.jkiss.dbeaver.runtime.ui.UIServiceSecurity' not found
2026-01-22 09:59:17.080 - Open [https://repo1.maven.org/maven2/com/mysql/mysql-connector-j/8.2.0/mysql-connector-j-8.2.0.pom]
2026-01-22 09:59:17.401 - Open [https://repo1.maven.org/maven2/com/google/protobuf/protobuf-java/3.21.9/protobuf-java-3.21.9.pom]
2026-01-22 09:59:17.436 - Open [https://repo1.maven.org/maven2/com/google/protobuf/protobuf-parent/3.21.9/protobuf-parent-3.21.9.pom]
2026-01-22 09:59:17.473 - Open [https://repo1.maven.org/maven2/com/google/protobuf/protobuf-bom/3.21.9/protobuf-bom-3.21.9.pom]
2026-01-22 09:59:18.496 - Open [https://repo1.maven.org/maven2/com/mysql/mysql-connector-j/8.2.0/mysql-connector-j-8.2.0.jar]
2026-01-22 09:59:18.576 - Open [https://repo1.maven.org/maven2/com/google/protobuf/protobuf-java/3.21.9/protobuf-java-3.21.9.jar]
2026-01-22 09:59:34.285 - Connect with 'localhost' (mysql8-19be3364f77-37b8723a5a554473)
2026-01-22 09:59:34.294 - Execution context opened (localhost; Main; 1)
> Start DBeaver GIS Support [org.jkiss.dbeaver.data.gis 1.0.195.202601181752]
2026-01-22 09:59:34.376 - Execution context opened (localhost; Metadata; 2)
2026-01-22 09:59:34.419 - Connected (mysql8-19be3364f77-37b8723a5a554473, MySQL Connector/J [mysql-connector-j-8.2.0 (Revision: 06a1f724497fd81c6a659131fda822c9e5085b6c)])
Warning: NLS unused message: FindReplace_RegExCheckbox_label in: org.eclipse.ui.texteditor.EditorMessages
Warning: NLS unused message: FindReplace_WrapCheckBox_label in: org.eclipse.ui.texteditor.EditorMessages
Warning: NLS unused message: FindReplace_IncrementalCheckBox_label in: org.eclipse.ui.texteditor.EditorMessages
Warning: NLS unused message: FindReplace_Options in: org.eclipse.ui.texteditor.EditorMessages
Warning: NLS unused message: FindReplace_ReplaceSelectionButton_label in: org.eclipse.ui.texteditor.EditorMessages
Warning: NLS unused message: FindReplace_SelectedRangeRadioButton_label in: org.eclipse.ui.texteditor.EditorMessages
Warning: NLS unused message: FindReplace_SelectAllButton_label in: org.eclipse.ui.texteditor.EditorMessages
Warning: NLS unused message: FindReplace_GlobalRadioButton_label in: org.eclipse.ui.texteditor.EditorMessages
Warning: NLS unused message: FindReplace_WholeWordCheckBox_label in: org.eclipse.ui.texteditor.EditorMessages
Warning: NLS unused message: FindReplace_ReplaceFindButton_label in: org.eclipse.ui.texteditor.EditorMessages
Warning: NLS unused message: FindReplace_BackwardRadioButton_label in: org.eclipse.ui.texteditor.EditorMessages
Warning: NLS unused message: FindReplace_CloseButton_label in: org.eclipse.ui.texteditor.EditorMessages
Warning: NLS unused message: FindReplace_Replace_label in: org.eclipse.ui.texteditor.EditorMessages
Warning: NLS unused message: FindReplace_CaseCheckBox_label in: org.eclipse.ui.texteditor.EditorMessages
Warning: NLS unused message: FindReplace_Status_replacements_label in: org.eclipse.ui.texteditor.EditorMessages
Warning: NLS unused message: FindReplace_title in: org.eclipse.ui.texteditor.EditorMessages
Warning: NLS unused message: FindReplace_Direction in: org.eclipse.ui.texteditor.EditorMessages
Warning: NLS unused message: FindReplace_ReplaceAllButton_label in: org.eclipse.ui.texteditor.EditorMessages
Warning: NLS unused message: FindReplace_Scope in: org.eclipse.ui.texteditor.EditorMessages
Warning: NLS unused message: FindReplace_Find_label in: org.eclipse.ui.texteditor.EditorMessages
Warning: NLS unused message: FindReplace_ForwardRadioButton_label in: org.eclipse.ui.texteditor.EditorMessages
Warning: NLS unused message: FindReplace_FindNextButton_label in: org.eclipse.ui.texteditor.EditorMessages
> Start DBeaver SQL Terminal [org.jkiss.dbeaver.ui.editors.sql.terminal 1.0.147.202601181752]
> Start 핵심 비교 지원 [org.eclipse.compare.core 3.8.800.v20250718-1505]
> Start 콘솔 [org.eclipse.ui.console 3.15.0.v20251113-1013]
> Start 디버그 핵심 [org.eclipse.debug.core 3.23.200.v20251107-0507]
2026-01-22 10:01:22.554 - Execution context opened (localhost; SQLEditor <Script.sql>; 3)
> Start DBeaver Tasks - Native Tools UI [org.jkiss.dbeaver.tasks.native.ui 1.0.149.202601181752]
> Start DBeaver Tasks - General UI [org.jkiss.dbeaver.tasks.ui 1.0.149.202601181752]
> Start DBeaver Tasks View [org.jkiss.dbeaver.tasks.ui.view 1.0.120.202601181752]
> Start DBeaver SQL Language Semantic Model [org.jkiss.dbeaver.model.lsm 1.0.66.202601181752]
2026-01-22 10:35:54.620 - Application goes into sleep mode
2026-01-22 10:40:20.699 - Application wakes
> Start DBeaver Data Transfer [org.jkiss.dbeaver.data.transfer 2.0.155.202601181752]
2026-01-22 10:45:06.088 - Table 'employees.ddl_alter_test' not found in metadata catalog
2026-01-22 10:45:06.088 - Table 'employees.ddl_alter_test' not found in metadata catalog
2026-01-22 10:45:06.089 - Table 'employees.ddl_alter_test' not found in metadata catalog
2026-01-22 10:52:23.202 - Error while analyzing query text: ALTER  TABLE ddl_alter 
ADD CONSTRAINT alter_name_unique UNIQUE(alter_name)
java.lang.IllegalStateException: Rows data was not resolved yet
	at org.jkiss.dbeaver.model.sql.semantics.model.select.SQLQueryRowsSourceModel.getRowsDataContext(SQLQueryRowsSourceModel.java:52)
	at org.jkiss.dbeaver.model.sql.semantics.model.ddl.SQLQueryTableAlterModel.resolveValueRelations(SQLQueryTableAlterModel.java:86)
	at org.jkiss.dbeaver.model.sql.semantics.model.SQLQueryModel.resolveRelations(SQLQueryModel.java:73)
	at org.jkiss.dbeaver.model.sql.semantics.SQLQueryModelRecognizer.recognizeQuery(SQLQueryModelRecognizer.java:154)
	at org.jkiss.dbeaver.model.sql.semantics.SQLQueryModelRecognizer.recognizeQuery(SQLQueryModelRecognizer.java:1026)
	at org.jkiss.dbeaver.ui.editors.sql.semantics.SQLBackgroundParsingJob.doWork(SQLBackgroundParsingJob.java:606)
	at org.jkiss.dbeaver.ui.editors.sql.semantics.SQLBackgroundParsingJob$1.run(SQLBackgroundParsingJob.java:86)
	at org.jkiss.dbeaver.model.runtime.AbstractJob.run(AbstractJob.java:110)
	at org.eclipse.core.internal.jobs.Worker.run(Worker.java:63)
2026-01-22 11:15:02.828 - Execution context closed (localhost, 3)
2026-01-22 11:15:36.981 - Execution context opened (localhost; SQLEditor <Script.sql>; 4)
> Start DBeaver UI Editors - Entity [org.jkiss.dbeaver.ui.editors.entity 1.0.171.202601181752]
2026-01-22 11:50:18.259 - Error while analyzing query text: ALTER TABLE staff 
DROP CONSTRAINT te_first_name
java.lang.IllegalStateException: Rows data was not resolved yet
	at org.jkiss.dbeaver.model.sql.semantics.model.select.SQLQueryRowsSourceModel.getRowsDataContext(SQLQueryRowsSourceModel.java:52)
	at org.jkiss.dbeaver.model.sql.semantics.model.ddl.SQLQueryTableAlterModel.resolveValueRelations(SQLQueryTableAlterModel.java:86)
	at org.jkiss.dbeaver.model.sql.semantics.model.SQLQueryModel.resolveRelations(SQLQueryModel.java:73)
	at org.jkiss.dbeaver.model.sql.semantics.SQLQueryModelRecognizer.recognizeQuery(SQLQueryModelRecognizer.java:154)
	at org.jkiss.dbeaver.model.sql.semantics.SQLQueryModelRecognizer.recognizeQuery(SQLQueryModelRecognizer.java:1026)
	at org.jkiss.dbeaver.ui.editors.sql.semantics.SQLBackgroundParsingJob.doWork(SQLBackgroundParsingJob.java:606)
	at org.jkiss.dbeaver.ui.editors.sql.semantics.SQLBackgroundParsingJob$1.run(SQLBackgroundParsingJob.java:86)
	at org.jkiss.dbeaver.model.runtime.AbstractJob.run(AbstractJob.java:110)
	at org.eclipse.core.internal.jobs.Worker.run(Worker.java:63)
2026-01-22 12:06:08.049 - Execution context opened (localhost; SQLEditor <Script-1.sql>; 5)
2026-01-22 12:36:15.304 - Application goes into sleep mode
2026-01-22 12:36:16.565 - System suspend detected. Close all remote connections.
2026-01-22 12:36:16.565 - Close connection 'localhost' for sleep mode
2026-01-22 12:36:16.581 - Execution context closed (localhost, 1)
2026-01-22 12:36:16.597 - Execution context closed (localhost, 2)
2026-01-22 12:36:16.613 - Execution context closed (localhost, 4)
2026-01-22 12:36:16.629 - Execution context closed (localhost, 5)
2026-01-22 12:36:16.629 - Disconnected (mysql8-19be3364f77-37b8723a5a554473)
2026-01-22 12:50:09.661 - Application wakes
2026-01-22 13:05:34.168 - Application goes into sleep mode
2026-01-22 13:05:34.216 - System suspend detected. Close all remote connections.
2026-01-22 13:10:28.769 - Application wakes
2026-01-22 13:25:56.355 - Application goes into sleep mode
2026-01-22 13:25:59.205 - System suspend detected. Close all remote connections.
2026-01-22 13:30:30.692 - Application wakes
2026-01-22 13:34:55.516 - Connect with 'localhost' (mysql8-19be3364f77-37b8723a5a554473)
2026-01-22 13:34:55.517 - Execution context opened (localhost; Main; 6)
2026-01-22 13:34:55.522 - Execution context opened (localhost; Metadata; 7)
2026-01-22 13:34:55.536 - Connected (mysql8-19be3364f77-37b8723a5a554473, MySQL Connector/J [mysql-connector-j-8.2.0 (Revision: 06a1f724497fd81c6a659131fda822c9e5085b6c)])
2026-01-22 13:34:55.540 - Execution context opened (localhost; SQLEditor <Script.sql>; 8)
2026-01-22 13:34:55.541 - Execution context opened (localhost; SQLEditor <Script-1.sql>; 9)
2026-01-22 13:54:50.863 - Table 'employees.member_check' not found in metadata catalog
2026-01-22 14:01:14.488 - Table 'employees.member_default' not found in metadata catalog
2026-01-22 14:01:14.488 - Table 'employees.member_default' not found in metadata catalog
2026-01-22 14:01:18.607 - Table 'employees.member_default' not found in metadata catalog
2026-01-22 14:01:18.607 - Table 'employees.member_default' not found in metadata catalog
2026-01-22 14:01:51.402 - Table 'employees.member_default' not found in metadata catalog
2026-01-22 14:01:51.403 - Table 'employees.member_default' not found in metadata catalog
2026-01-22 14:12:16.234 - Table 'employees.member_pk' not found in metadata catalog
2026-01-22 14:12:16.234 - Table 'employees.member_pk' not found in metadata catalog
2026-01-22 14:14:38.749 - Table 'employees.member_pk' not found in metadata catalog
2026-01-22 14:14:38.749 - Table 'employees.member_pk' not found in metadata catalog
2026-01-22 14:14:58.110 - Table 'employees.member_pk' not found in metadata catalog
2026-01-22 14:14:58.110 - Table 'employees.member_pk' not found in metadata catalog
2026-01-22 14:15:47.279 - Table 'employees.member_pk' not found in metadata catalog
2026-01-22 14:15:47.280 - Table 'employees.member_pk' not found in metadata catalog
2026-01-22 14:41:55.590 - Table 'employees.member_primary' not found in metadata catalog
2026-01-22 14:41:55.590 - Table 'employees.member_primary' not found in metadata catalog
2026-01-22 14:41:58.145 - Table 'employees.member_primary' not found in metadata catalog
2026-01-22 14:41:58.145 - Table 'employees.member_primary' not found in metadata catalog
2026-01-22 14:42:14.015 - Table 'employees.board_foreign' not found in metadata catalog
2026-01-22 14:42:14.015 - Table 'employees.board_foreign' not found in metadata catalog
2026-01-22 14:42:14.015 - Table 'employees.board_foreign' not found in metadata catalog
2026-01-22 14:42:16.571 - Table 'employees.member_primary' not found in metadata catalog
2026-01-22 14:42:16.571 - Table 'employees.member_primary' not found in metadata catalog
2026-01-22 14:43:24.921 - Table 'employees.board_foreign' not found in metadata catalog
2026-01-22 14:43:24.921 - Table 'employees.board_foreign' not found in metadata catalog
2026-01-22 14:43:24.921 - Table 'employees.board_foreign' not found in metadata catalog
2026-01-22 14:43:37.850 - Table 'employees.board_foreign' not found in metadata catalog
2026-01-22 14:43:37.851 - Table 'employees.board_foreign' not found in metadata catalog
2026-01-22 14:43:37.851 - Table 'employees.board_foreign' not found in metadata catalog
2026-01-22 14:44:58.525 - Table 'employees.board_foreign' not found in metadata catalog
2026-01-22 14:44:58.525 - Table 'employees.board_foreign' not found in metadata catalog
2026-01-22 14:44:58.525 - Table 'employees.board_foreign' not found in metadata catalog
2026-01-22 14:50:45.177 - Table 'employees.board_foreign' not found in metadata catalog
2026-01-22 14:50:45.177 - Table 'employees.board_foreign' not found in metadata catalog
2026-01-22 14:50:45.177 - Table 'employees.board_foreign' not found in metadata catalog
2026-01-22 14:50:52.954 - Table 'employees.board_foreign' not found in metadata catalog
2026-01-22 14:50:52.954 - Table 'employees.board_foreign' not found in metadata catalog
2026-01-22 14:50:52.954 - Table 'employees.board_foreign' not found in metadata catalog
2026-01-22 15:10:09.756 - Error while analyzing query text: DELETE FROM member_primary
wher
java.lang.UnsupportedOperationException: Symbol entry origin has already been set
	at org.jkiss.dbeaver.model.sql.semantics.SQLQueryLexicalScopeItem.setOrigin(SQLQueryLexicalScopeItem.java:51)
	at org.jkiss.dbeaver.model.sql.semantics.SQLQuerySymbolEntry.setOrigin(SQLQuerySymbolEntry.java:90)
	at org.jkiss.dbeaver.model.sql.semantics.SQLQuerySemanticUtils.setNamePartsDefinition(SQLQuerySemanticUtils.java:158)
	at org.jkiss.dbeaver.model.sql.semantics.SQLQuerySemanticUtils.setNamePartsDefinition(SQLQuerySemanticUtils.java:125)
	at org.jkiss.dbeaver.model.sql.semantics.model.select.SQLQueryRowsTableDataModel.resolveRowSourcesImpl(SQLQueryRowsTableDataModel.java:170)
	at org.jkiss.dbeaver.model.sql.semantics.model.select.SQLQueryRowsSourceModel.resolveRowSources(SQLQueryRowsSourceModel.java:91)
	at org.jkiss.dbeaver.model.sql.semantics.model.select.SQLQueryRowsCorrelatedSourceModel.resolveRowSourcesImpl(SQLQueryRowsCorrelatedSourceModel.java:118)
	at org.jkiss.dbeaver.model.sql.semantics.model.select.SQLQueryRowsSourceModel.resolveRowSources(SQLQueryRowsSourceModel.java:91)
	at org.jkiss.dbeaver.model.sql.semantics.model.dml.SQLQueryDeleteModel.resolveRowsReferencesImpl(SQLQueryDeleteModel.java:91)
	at org.jkiss.dbeaver.model.sql.semantics.model.dml.SQLQueryDMLStatementModel.resolveObjectAndRowsReferences(SQLQueryDMLStatementModel.java:54)
	at org.jkiss.dbeaver.model.sql.semantics.model.SQLQueryModel.resolveRelations(SQLQueryModel.java:72)
	at org.jkiss.dbeaver.model.sql.semantics.SQLQueryModelRecognizer.recognizeQuery(SQLQueryModelRecognizer.java:154)
	at org.jkiss.dbeaver.model.sql.semantics.SQLQueryModelRecognizer.recognizeQuery(SQLQueryModelRecognizer.java:1026)
	at org.jkiss.dbeaver.ui.editors.sql.semantics.SQLBackgroundParsingJob.doWork(SQLBackgroundParsingJob.java:606)
	at org.jkiss.dbeaver.ui.editors.sql.semantics.SQLBackgroundParsingJob$1.run(SQLBackgroundParsingJob.java:86)
	at org.jkiss.dbeaver.model.runtime.AbstractJob.run(AbstractJob.java:110)
	at org.eclipse.core.internal.jobs.Worker.run(Worker.java:63)
2026-01-22 15:31:00.032 - Execution context opened (localhost; SQLEditor <Script-2.sql>; 10)
2026-01-22 15:31:00.286 - Source or target node not found
2026-01-22 15:31:00.286 - Source or target node not found
2026-01-22 15:31:00.286 - Source or target node not found
2026-01-22 15:31:00.286 - Source or target node not found
2026-01-22 15:31:00.286 - Source or target node not found
2026-01-22 15:31:00.286 - Source or target node not found
2026-01-22 15:31:00.286 - Source or target node not found
2026-01-22 15:53:01.579 - Execution context closed (localhost, 9)
2026-01-22 15:53:02.879 - Execution context closed (localhost, 8)
2026-01-22 15:53:09.194 - Execution context opened (localhost; SQLEditor <Script-2.sql>; 11)
2026-01-22 17:11:35.032 - Error while analyzing query text: DELETE O salaries
java.lang.UnsupportedOperationException: Symbol entry origin has already been set
	at org.jkiss.dbeaver.model.sql.semantics.SQLQueryLexicalScopeItem.setOrigin(SQLQueryLexicalScopeItem.java:51)
	at org.jkiss.dbeaver.model.sql.semantics.SQLQuerySymbolEntry.setOrigin(SQLQuerySymbolEntry.java:90)
	at org.jkiss.dbeaver.model.sql.semantics.SQLQuerySemanticUtils.performPartialResolution(SQLQuerySemanticUtils.java:98)
	at org.jkiss.dbeaver.model.sql.semantics.model.select.SQLQueryRowsTableDataModel.resolveRowSourcesImpl(SQLQueryRowsTableDataModel.java:181)
	at org.jkiss.dbeaver.model.sql.semantics.model.select.SQLQueryRowsSourceModel.resolveRowSources(SQLQueryRowsSourceModel.java:91)
	at org.jkiss.dbeaver.model.sql.semantics.model.select.SQLQueryRowsCorrelatedSourceModel.resolveRowSourcesImpl(SQLQueryRowsCorrelatedSourceModel.java:118)
	at org.jkiss.dbeaver.model.sql.semantics.model.select.SQLQueryRowsSourceModel.resolveRowSources(SQLQueryRowsSourceModel.java:91)
	at org.jkiss.dbeaver.model.sql.semantics.model.dml.SQLQueryDeleteModel.resolveRowsReferencesImpl(SQLQueryDeleteModel.java:91)
	at org.jkiss.dbeaver.model.sql.semantics.model.dml.SQLQueryDMLStatementModel.resolveObjectAndRowsReferences(SQLQueryDMLStatementModel.java:54)
	at org.jkiss.dbeaver.model.sql.semantics.model.SQLQueryModel.resolveRelations(SQLQueryModel.java:72)
	at org.jkiss.dbeaver.model.sql.semantics.SQLQueryModelRecognizer.recognizeQuery(SQLQueryModelRecognizer.java:154)
	at org.jkiss.dbeaver.model.sql.semantics.SQLQueryModelRecognizer.recognizeQuery(SQLQueryModelRecognizer.java:1026)
	at org.jkiss.dbeaver.ui.editors.sql.semantics.SQLBackgroundParsingJob.doWork(SQLBackgroundParsingJob.java:606)
	at org.jkiss.dbeaver.ui.editors.sql.semantics.SQLBackgroundParsingJob$1.run(SQLBackgroundParsingJob.java:86)
	at org.jkiss.dbeaver.model.runtime.AbstractJob.run(AbstractJob.java:110)
	at org.eclipse.core.internal.jobs.Worker.run(Worker.java:63)
2026-01-22 17:11:35.705 - Error while analyzing query text: DELETE fO salaries
java.lang.UnsupportedOperationException: Symbol entry origin has already been set
	at org.jkiss.dbeaver.model.sql.semantics.SQLQueryLexicalScopeItem.setOrigin(SQLQueryLexicalScopeItem.java:51)
	at org.jkiss.dbeaver.model.sql.semantics.SQLQuerySymbolEntry.setOrigin(SQLQuerySymbolEntry.java:90)
	at org.jkiss.dbeaver.model.sql.semantics.SQLQuerySemanticUtils.performPartialResolution(SQLQuerySemanticUtils.java:98)
	at org.jkiss.dbeaver.model.sql.semantics.model.select.SQLQueryRowsTableDataModel.resolveRowSourcesImpl(SQLQueryRowsTableDataModel.java:181)
	at org.jkiss.dbeaver.model.sql.semantics.model.select.SQLQueryRowsSourceModel.resolveRowSources(SQLQueryRowsSourceModel.java:91)
	at org.jkiss.dbeaver.model.sql.semantics.model.select.SQLQueryRowsCorrelatedSourceModel.resolveRowSourcesImpl(SQLQueryRowsCorrelatedSourceModel.java:118)
	at org.jkiss.dbeaver.model.sql.semantics.model.select.SQLQueryRowsSourceModel.resolveRowSources(SQLQueryRowsSourceModel.java:91)
	at org.jkiss.dbeaver.model.sql.semantics.model.dml.SQLQueryDeleteModel.resolveRowsReferencesImpl(SQLQueryDeleteModel.java:91)
	at org.jkiss.dbeaver.model.sql.semantics.model.dml.SQLQueryDMLStatementModel.resolveObjectAndRowsReferences(SQLQueryDMLStatementModel.java:54)
	at org.jkiss.dbeaver.model.sql.semantics.model.SQLQueryModel.resolveRelations(SQLQueryModel.java:72)
	at org.jkiss.dbeaver.model.sql.semantics.SQLQueryModelRecognizer.recognizeQuery(SQLQueryModelRecognizer.java:154)
	at org.jkiss.dbeaver.model.sql.semantics.SQLQueryModelRecognizer.recognizeQuery(SQLQueryModelRecognizer.java:1026)
	at org.jkiss.dbeaver.ui.editors.sql.semantics.SQLBackgroundParsingJob.doWork(SQLBackgroundParsingJob.java:606)
	at org.jkiss.dbeaver.ui.editors.sql.semantics.SQLBackgroundParsingJob$1.run(SQLBackgroundParsingJob.java:86)
	at org.jkiss.dbeaver.model.runtime.AbstractJob.run(AbstractJob.java:110)
	at org.eclipse.core.internal.jobs.Worker.run(Worker.java:63)
2026-01-22 17:11:37.093 - Error while analyzing query text: DELETE fromO salaries
java.lang.UnsupportedOperationException: Symbol entry origin has already been set
	at org.jkiss.dbeaver.model.sql.semantics.SQLQueryLexicalScopeItem.setOrigin(SQLQueryLexicalScopeItem.java:51)
	at org.jkiss.dbeaver.model.sql.semantics.SQLQuerySymbolEntry.setOrigin(SQLQuerySymbolEntry.java:90)
	at org.jkiss.dbeaver.model.sql.semantics.SQLQuerySemanticUtils.performPartialResolution(SQLQuerySemanticUtils.java:98)
	at org.jkiss.dbeaver.model.sql.semantics.model.select.SQLQueryRowsTableDataModel.resolveRowSourcesImpl(SQLQueryRowsTableDataModel.java:181)
	at org.jkiss.dbeaver.model.sql.semantics.model.select.SQLQueryRowsSourceModel.resolveRowSources(SQLQueryRowsSourceModel.java:91)
	at org.jkiss.dbeaver.model.sql.semantics.model.select.SQLQueryRowsCorrelatedSourceModel.resolveRowSourcesImpl(SQLQueryRowsCorrelatedSourceModel.java:118)
	at org.jkiss.dbeaver.model.sql.semantics.model.select.SQLQueryRowsSourceModel.resolveRowSources(SQLQueryRowsSourceModel.java:91)
	at org.jkiss.dbeaver.model.sql.semantics.model.dml.SQLQueryDeleteModel.resolveRowsReferencesImpl(SQLQueryDeleteModel.java:91)
	at org.jkiss.dbeaver.model.sql.semantics.model.dml.SQLQueryDMLStatementModel.resolveObjectAndRowsReferences(SQLQueryDMLStatementModel.java:54)
	at org.jkiss.dbeaver.model.sql.semantics.model.SQLQueryModel.resolveRelations(SQLQueryModel.java:72)
	at org.jkiss.dbeaver.model.sql.semantics.SQLQueryModelRecognizer.recognizeQuery(SQLQueryModelRecognizer.java:154)
	at org.jkiss.dbeaver.model.sql.semantics.SQLQueryModelRecognizer.recognizeQuery(SQLQueryModelRecognizer.java:1026)
	at org.jkiss.dbeaver.ui.editors.sql.semantics.SQLBackgroundParsingJob.doWork(SQLBackgroundParsingJob.java:606)
	at org.jkiss.dbeaver.ui.editors.sql.semantics.SQLBackgroundParsingJob$1.run(SQLBackgroundParsingJob.java:86)
	at org.jkiss.dbeaver.model.runtime.AbstractJob.run(AbstractJob.java:110)
	at org.eclipse.core.internal.jobs.Worker.run(Worker.java:63)
2026-01-22 17:13:05.947 - Execution context closed (localhost, 11)
2026-01-22 17:13:15.024 - Execution context opened (localhost; SQLEditor <DML문제-1.sql>; 12)
2026-01-22 17:30:01.774 - Application goes into sleep mode
2026-01-22 17:30:02.018 - System suspend detected. Close all remote connections.
2026-01-22 17:30:02.018 - Close connection 'localhost' for sleep mode
2026-01-22 17:30:02.154 - Execution context closed (localhost, 6)
2026-01-22 17:30:02.165 - Execution context closed (localhost, 7)
2026-01-22 17:30:02.176 - Execution context closed (localhost, 10)
2026-01-22 17:30:02.186 - Execution context closed (localhost, 12)
2026-01-22 17:30:02.186 - Disconnected (mysql8-19be3364f77-37b8723a5a554473)
2026-01-22 17:32:58.703 - Application wakes
2026-01-22 17:33:17.585 - Connect with 'localhost' (mysql8-19be3364f77-37b8723a5a554473)
2026-01-22 17:33:17.585 - Execution context opened (localhost; Main; 13)
2026-01-22 17:33:17.590 - Execution context opened (localhost; Metadata; 14)
2026-01-22 17:33:17.606 - Connected (mysql8-19be3364f77-37b8723a5a554473, MySQL Connector/J [mysql-connector-j-8.2.0 (Revision: 06a1f724497fd81c6a659131fda822c9e5085b6c)])
2026-01-22 17:33:17.608 - Execution context opened (localhost; SQLEditor <2. 제약조건 정리.sql>; 15)
2026-01-22 17:33:17.609 - Execution context opened (localhost; SQLEditor <DML문제-1.sql>; 16)
2026-01-22 17:33:17.611 - Execution context opened (localhost; SQLEditor <Script-2.sql>; 17)
2026-01-22 18:02:35.230 - Can't parse numeric value [-- salaries 테이블에서 연봉이 50000 이상이면서 60000 이하인 직원 조회] using formatter: Illegal embedded sign character
2026-01-22 18:02:35.230 - Can't parse numeric value [-- salaries 테이블에서 연봉이 50000 이상이면서 60000 이하인 직원 조회] using formatter: Illegal embedded sign character
2026-01-22 18:02:35.232 - Can't parse numeric value [-- salaries 테이블에서 연봉이 50000 이상이면서 60000 이하인 직원 조회] using formatter: Illegal embedded sign character
2026-01-22 18:02:35.232 - Can't parse numeric value [-- salaries 테이블에서 연봉이 50000 이상이면서 60000 이하인 직원 조회] using formatter: Illegal embedded sign character
2026-01-22 18:02:35.233 - Can't parse numeric value [-- salaries 테이블에서 연봉이 50000 이상이면서 60000 이하인 직원 조회] using formatter: Illegal embedded sign character
2026-01-22 18:02:36.534 - Can't parse numeric value [-- salaries 테이블에서 연봉이 50000 이상이면서 60000 이하인 직원 조회] using formatter: Illegal embedded sign character
2026-01-22 18:02:36.534 - Can't parse numeric value [-- salaries 테이블에서 연봉이 50000 이상이면서 60000 이하인 직원 조회] using formatter: Illegal embedded sign character
2026-01-22 18:02:36.536 - Can't parse numeric value [-- salaries 테이블에서 연봉이 50000 이상이면서 60000 이하인 직원 조회] using formatter: Illegal embedded sign character
2026-01-22 18:02:36.537 - Can't parse numeric value [-- salaries 테이블에서 연봉이 50000 이상이면서 60000 이하인 직원 조회] using formatter: Illegal embedded sign character
2026-01-22 18:02:36.538 - Can't parse numeric value [-- salaries 테이블에서 연봉이 50000 이상이면서 60000 이하인 직원 조회] using formatter: Illegal embedded sign character
2026-01-22 18:02:39.066 - Can't parse numeric value [-- salaries 테이블에서 연봉이 50000 이상이면서 60000 이하인 직원 조회] using formatter: Illegal embedded sign character
2026-01-22 18:02:39.066 - Can't parse numeric value [-- salaries 테이블에서 연봉이 50000 이상이면서 60000 이하인 직원 조회] using formatter: Illegal embedded sign character
2026-01-22 18:02:39.066 - Can't parse numeric value [-- salaries 테이블에서 연봉이 50000 이상이면서 60000 이하인 직원 조회] using formatter: Illegal embedded sign character
2026-01-22 18:02:39.066 - Can't parse numeric value [-- salaries 테이블에서 연봉이 50000 이상이면서 60000 이하인 직원 조회] using formatter: Illegal embedded sign character
2026-01-22 18:02:39.066 - Can't parse numeric value [-- salaries 테이블에서 연봉이 50000 이상이면서 60000 이하인 직원 조회] using formatter: Illegal embedded sign character
2026-01-22 18:20:47.445 - Execution context closed (localhost, 15)
2026-01-22 18:20:47.520 - Execution context closed (localhost, 16)
2026-01-22 18:20:47.577 - Execution context closed (localhost, 17)
2026-01-22 18:20:47.698 - Dispose navigator model
2026-01-22 18:20:47.713 - DBeaver is stopping
2026-01-22 18:20:47.716 - Stop instance server
2026-01-22 18:20:48.724 - Instance server has been stopped
2026-01-22 18:20:48.724 - DBeaver shutdown completed
